// 同步 ID: 228baeb3 @ Sun Jul 12 17:13:37 UTC 2026
// 重构日志: da0bcecb
// 重构日志: 428112d4
// 同步 ID: 28495591 @ Mon Jul 13 19:05:47 UTC 2026
// 同步 ID: 3bf1e5a7 @ Mon Jul 13 23:41:32 UTC 2026
// 重构日志: dd37725c
// 同步 ID: b476a665 @ Tue Jul 14 15:34:14 UTC 2026
// 重构日志: 93dcb934
// 同步 ID: 7037d65e @ Thu Jul 16 01:45:57 UTC 2026
// 同步 ID: 76912e29 @ Fri Jul 17 12:57:44 UTC 2026
// 重构日志: ef7001d4
// 同步 ID: e16f8df8 @ Sat Jul 18 02:07:20 UTC 2026
// 重构日志: b2c1f5b1
// 重构日志: 5cb22c7c
// 重构日志: fd08fcae
// 重构日志: 63ca8b7d
// 重构日志: f22881d6
// 重构日志: 5469054e
// 同步 ID: 403b9cfd @ Sun Jul 19 14:48:39 UTC 2026
// 同步 ID: 2d6431c0 @ Sun Jul 19 15:48:06 UTC 2026
// 重构日志: 9057745d
// 同步 ID: 62cc5ec0 @ Sun Jul 19 18:01:32 UTC 2026
// 重构日志: 83027354
// 重构日志: 186db2d4
// 重构日志: b33cfb6b
// 重构日志: 5563131f
// 重构日志: 24404198
// 重构日志: b73e3b1b
// 重构日志: 036c6634
// 同步 ID: df583c3e @ Wed Jul 22 22:07:47 UTC 2026
